<?xml version="1.0" encoding="UTF-8"?>
<testng-results skipped="0" failed="0" ignored="0" total="1" passed="1">
  <reporter-output>
  </reporter-output>
  <suite name="Suite" duration-ms="86680" started-at="2019-08-09T10:50:46Z" finished-at="2019-08-09T10:52:12Z">
    <groups>
    </groups>
    <test name="Test" duration-ms="86680" started-at="2019-08-09T10:50:46Z" finished-at="2019-08-09T10:52:12Z">
      <class name="framework.AppiumFramework.Ecommerce_TC_2">
        <test-method status="PASS" signature="completeValidation()[pri:0, instance:framework.AppiumFramework.Ecommerce_TC_2@5b275dab]" name="completeValidation" duration-ms="86647" started-at="2019-08-09T10:50:46Z" finished-at="2019-08-09T10:52:12Z">
          <reporter-output>
          </reporter-output>
        </test-method> <!-- completeValidation -->
      </class> <!-- framework.AppiumFramework.Ecommerce_TC_2 -->
    </test> <!-- Test -->
  </suite> <!-- Suite -->
</testng-results>
